==========================================
SLURM_CLUSTER_NAME = paramutkarsh
SLURM_ARRAY_JOB_ID = 
SLURM_ARRAY_TASK_ID = 
SLURM_ARRAY_TASK_COUNT = 
SLURM_ARRAY_TASK_MAX = 
SLURM_ARRAY_TASK_MIN = 
SLURM_JOB_ACCOUNT = nsmexternal
SLURM_JOB_ID = 154423
SLURM_JOB_NAME = test2.slurm
SLURM_JOB_NODELIST = hm021
SLURM_JOB_USER = c-huk48
SLURM_JOB_UID = 21915
SLURM_JOB_PARTITION = standard
SLURM_TASK_PID = 40749
SLURM_SUBMIT_DIR = /home/c-huk48/slurm-samples
SLURM_CPUS_ON_NODE = 1
SLURM_NTASKS = 1
SLURM_TASK_PID = 40749
==========================================
hm021
