==========================================
SLURM_CLUSTER_NAME = paramutkarsh
SLURM_ARRAY_JOB_ID = 
SLURM_ARRAY_TASK_ID = 
SLURM_ARRAY_TASK_COUNT = 
SLURM_ARRAY_TASK_MAX = 
SLURM_ARRAY_TASK_MIN = 
SLURM_JOB_ACCOUNT = nsmexternal
SLURM_JOB_ID = 158209
SLURM_JOB_NAME = sycl
SLURM_JOB_NODELIST = hm013
SLURM_JOB_USER = c-huk48
SLURM_JOB_UID = 21915
SLURM_JOB_PARTITION = standard
SLURM_TASK_PID = 38835
SLURM_SUBMIT_DIR = /home/c-huk48/SYCL
SLURM_CPUS_ON_NODE = 10
SLURM_NTASKS = 
SLURM_TASK_PID = 38835
==========================================
100 100 100 100 100 100 100 100 100 100 
