11 [139761090303872] INFO perfrun.launcher <> - Launcher main begin
30 [139761090303872] INFO perfrun.launcher <> - MessageCatalogInit finished
30 [139761090303872] INFO perfrun.launcher <> - Launcher instance created
30 [139761090303872] INFO perfrun.launcher <> - argc = 6; cmdline = /home/opt_ohpc_pub/oneapi/vtune/2021.7.1/bin64/amplxe-runss -dump-vdso -r /tmp/amplxe-tmp-lochannk/amplxe-res-151934-58454832957147346 --tmp-dir /tmp/amplxe-tmp-lochannk 
160 [139761090303872] INFO perfrun.launcher <> - create msngr2::ICliToolContext
160 [139761090303872] INFO perfrun.launcher <> - create file finder object
185 [139760970233600] INFO perfrun.launcher <> - plugin [remoteplug] was disabled because it doesn't support the given collection type.
185 [139760970233600] INFO perfrun.launcher <> - plugin [system] was disabled because it doesn't support the given collection type.
185 [139760970233600] INFO perfrun.vdso <> - dumping [vdso] pseudomodule
187 [139760970233600] INFO perfrun.launcher <> - plugin [itt] was disabled because it doesn't support the given collection type.
187 [139760970233600] INFO perfrun.launcher <> - plugin [ptracecollector] was disabled because it doesn't support the given collection type.
187 [139760970233600] INFO perfrun.launcher <> - plugin [gpu] was disabled because it doesn't support the given collection type.
187 [139760970233600] INFO perfrun.launcher <> - plugin [] was disabled because it doesn't support the given collection type.
187 [139760970233600] INFO perfrun.launcher <> - plugin [] was disabled because it doesn't support the given collection type.
187 [139760970233600] INFO perfrun.launcher <> - plugin [] was disabled because it doesn't support the given collection type.
187 [139760970233600] INFO perfrun.launcher <> - plugin [mrte] was disabled because it doesn't support the given collection type.
187 [139760970233600] INFO perfrun.launcher <> - plugin [emon] was disabled because it doesn't support the given collection type.
187 [139760970233600] INFO perfrun.launcher <> - plugin [cuscol] was disabled because it doesn't support the given collection type.
187 [139760970233600] INFO perfrun.launcher <> - plugin [stdsrc] was disabled because it doesn't support the given collection type.
187 [139760970233600] INFO perfrun.launcher <> - plugin [sep] was disabled because it doesn't support the given collection type.
187 [139760970233600] INFO perfrun.launcher <> - plugin [vtsspp] was disabled because it doesn't support the given collection type.
187 [139760970233600] INFO perfrun.launcher <> - plugin [perf] was disabled because it doesn't support the given collection type.
187 [139760970233600] INFO perfrun.launcher <> - plugin [aoclprofile] was disabled because it doesn't support the given collection type.
187 [139760970233600] INFO perfrun.launcher <> - plugin [tpss] was disabled because it doesn't support the given collection type.
187 [139760970233600] INFO perfrun.launcher <> - plugin [exprof] was disabled because it doesn't support the given collection type.
187 [139760970233600] INFO perfrun.launcher <> - plugin [media] was disabled because it doesn't support the given collection type.
187 [139760970233600] INFO perfrun.launcher <> - plugin [] was disabled because it doesn't support the given collection type.
187 [139760970233600] INFO perfrun.launcher <> - plugin [] was disabled because it doesn't support the given collection type.
187 [139760970233600] INFO perfrun.launcher <> - plugin [parallelfs] was disabled because it doesn't support the given collection type.
187 [139760970233600] INFO perfrun.launcher <> - plugin [power] was disabled because it doesn't support the given collection type.
187 [139760970233600] INFO perfrun.launcher <> - plugin [hwloc] was disabled because it doesn't support the given collection type.
187 [139760970233600] INFO perfrun.launcher <> - plugin [ipmwatch] was disabled because it doesn't support the given collection type.
187 [139760970233600] INFO perfrun.launcher <> - plugin [os_counters] was disabled because it doesn't support the given collection type.
187 [139761090303872] INFO perfrun.launcher <> - Application exit code: 0
187 [139761090303872] INFO perfrun.launcher <> - Exit code: 0
