11 [4125460224] INFO perfrun.launcher <> - Launcher main begin
15 [4125460224] INFO perfrun.launcher <> - MessageCatalogInit finished
15 [4125460224] INFO perfrun.launcher <> - Launcher instance created
15 [4125460224] INFO perfrun.launcher <> - argc = 6; cmdline = /home/opt_ohpc_pub/oneapi/vtune/2021.7.1/bin32/amplxe-runss -dump-vdso -r /tmp/amplxe-tmp-lochannk/amplxe-res-151934-58454832957147346 --tmp-dir /tmp/amplxe-tmp-lochannk 
79 [4125460224] INFO perfrun.launcher <> - create msngr2::ICliToolContext
80 [4125460224] INFO perfrun.launcher <> - create file finder object
88 [4124846912] INFO perfrun.launcher <> - plugin [remoteplug] was disabled because it doesn't support the given collection type.
88 [4124846912] INFO perfrun.launcher <> - plugin [] was disabled because it doesn't support the given collection type.
88 [4124846912] INFO perfrun.vdso <> - dumping [vdso] pseudomodule
90 [4124846912] INFO perfrun.launcher <> - plugin [] was disabled because it doesn't support the given collection type.
90 [4124846912] INFO perfrun.launcher <> - plugin [] was disabled because it doesn't support the given collection type.
90 [4124846912] INFO perfrun.launcher <> - plugin [] was disabled because it doesn't support the given collection type.
90 [4124846912] INFO perfrun.launcher <> - plugin [] was disabled because it doesn't support the given collection type.
90 [4124846912] INFO perfrun.launcher <> - plugin [] was disabled because it doesn't support the given collection type.
90 [4124846912] INFO perfrun.launcher <> - plugin [] was disabled because it doesn't support the given collection type.
90 [4124846912] INFO perfrun.launcher <> - plugin [] was disabled because it doesn't support the given collection type.
90 [4124846912] INFO perfrun.launcher <> - plugin [] was disabled because it doesn't support the given collection type.
90 [4124846912] INFO perfrun.launcher <> - plugin [] was disabled because it doesn't support the given collection type.
90 [4124846912] INFO perfrun.launcher <> - plugin [] was disabled because it doesn't support the given collection type.
90 [4124846912] INFO perfrun.launcher <> - plugin [] was disabled because it doesn't support the given collection type.
90 [4124846912] INFO perfrun.launcher <> - plugin [] was disabled because it doesn't support the given collection type.
90 [4124846912] INFO perfrun.launcher <> - plugin [] was disabled because it doesn't support the given collection type.
90 [4124846912] INFO perfrun.launcher <> - plugin [] was disabled because it doesn't support the given collection type.
90 [4124846912] INFO perfrun.launcher <> - plugin [] was disabled because it doesn't support the given collection type.
90 [4124846912] INFO perfrun.launcher <> - plugin [] was disabled because it doesn't support the given collection type.
90 [4124846912] INFO perfrun.launcher <> - plugin [] was disabled because it doesn't support the given collection type.
90 [4124846912] INFO perfrun.launcher <> - plugin [] was disabled because it doesn't support the given collection type.
90 [4124846912] INFO perfrun.launcher <> - plugin [] was disabled because it doesn't support the given collection type.
90 [4124846912] INFO perfrun.launcher <> - plugin [] was disabled because it doesn't support the given collection type.
90 [4124846912] INFO perfrun.launcher <> - plugin [] was disabled because it doesn't support the given collection type.
90 [4124846912] INFO perfrun.launcher <> - plugin [] was disabled because it doesn't support the given collection type.
90 [4124846912] INFO perfrun.launcher <> - plugin [] was disabled because it doesn't support the given collection type.
90 [4124846912] INFO perfrun.launcher <> - plugin [] was disabled because it doesn't support the given collection type.
90 [4125460224] INFO perfrun.launcher <> - Application exit code: 0
90 [4125460224] INFO perfrun.launcher <> - Exit code: 0
